2020-06-15 23:15:32,003 [Worker-5: Loading available Gradle versions] INFO  o.e.b.c.i.u.g.PublishedGradleVersions - Gradle version information cache is up-to-date. Trying to read.
2020-06-15 23:19:43,452 [Worker-2: Loading available Gradle versions] INFO  o.e.b.c.i.u.g.PublishedGradleVersions - Gradle version information cache is up-to-date. Trying to read.
2020-06-15 23:20:22,899 [main] WARN  org.eclipse.jgit.util.FS - Exception caught during execution of command '[git, --version]' in '/usr/bin', return code '1', error message 'xcrun: error: invalid active developer path (/Library/Developer/CommandLineTools), missing xcrun at: /Library/Developer/CommandLineTools/usr/bin/xcrun
'
2020-06-15 23:20:36,835 [Worker-1: Updating Maven Dependencies] INFO  o.e.m.c.i.l.LifecycleMappingFactory - Using org.eclipse.m2e.jdt.JarLifecycleMapping lifecycle mapping for MavenProject: com.qait.automation:BDD-automation:0.0.1-SNAPSHOT @ /Users/dgolla/git/cxptester-cucumber/pom.xml.
2020-06-15 23:20:38,223 [Worker-5: Building workspace] INFO  o.e.m.c.i.l.LifecycleMappingFactory - Using org.eclipse.m2e.jdt.JarLifecycleMapping lifecycle mapping for MavenProject: com.qait.automation:BDD-automation:0.0.1-SNAPSHOT @ /Users/dgolla/git/cxptester-cucumber/pom.xml.
2020-06-15 23:20:39,608 [Worker-5: Building workspace] INFO  o.e.m.c.i.embedder.EclipseLogger - Using 'UTF-8' encoding to copy filtered resources.
2020-06-15 23:20:39,609 [Worker-5: Building workspace] INFO  o.e.m.c.i.embedder.EclipseLogger - skip non existing resourceDirectory /Users/dgolla/git/cxptester-cucumber/src/main/resources
2020-06-15 23:20:39,611 [Worker-5: Building workspace] INFO  o.e.m.c.i.embedder.EclipseLogger - Using 'UTF-8' encoding to copy filtered resources.
2020-06-15 23:20:39,623 [Worker-5: Building workspace] INFO  o.e.m.c.i.embedder.EclipseLogger - Copying 125 resources
2020-06-15 23:20:41,487 [Worker-20: Updating Maven Dependencies] INFO  o.e.m.c.i.l.LifecycleMappingFactory - Using org.eclipse.m2e.jdt.JarLifecycleMapping lifecycle mapping for MavenProject: com.qait.automation:BDD-automation:0.0.1-SNAPSHOT @ /Users/dgolla/git/cxptester-cucumber/pom.xml.
2020-06-15 23:20:43,780 [Worker-10: Building workspace] INFO  o.e.m.c.i.embedder.EclipseLogger - Using 'UTF-8' encoding to copy filtered resources.
2020-06-15 23:20:43,781 [Worker-10: Building workspace] INFO  o.e.m.c.i.embedder.EclipseLogger - skip non existing resourceDirectory /Users/dgolla/git/cxptester-cucumber/src/main/resources
2020-06-15 23:20:43,782 [Worker-10: Building workspace] INFO  o.e.m.c.i.embedder.EclipseLogger - Using 'UTF-8' encoding to copy filtered resources.
2020-06-15 23:20:43,795 [Worker-10: Building workspace] INFO  o.e.m.c.i.embedder.EclipseLogger - Copying 125 resources
2020-06-15 23:24:07,444 [Worker-1: Loading available Gradle versions] INFO  o.e.b.c.i.u.g.PublishedGradleVersions - Gradle version information cache is up-to-date. Trying to read.
2020-06-15 23:24:07,999 [Worker-4: Decoration Calculation] WARN  org.eclipse.jgit.util.FS - Exception caught during execution of command '[git, --version]' in '/usr/bin', return code '1', error message 'xcrun: error: invalid active developer path (/Library/Developer/CommandLineTools), missing xcrun at: /Library/Developer/CommandLineTools/usr/bin/xcrun
'
2020-06-15 23:26:39,616 [Worker-1: Building workspace] INFO  o.e.m.c.i.embedder.EclipseLogger - Using 'UTF-8' encoding to copy filtered resources.
2020-06-15 23:26:39,617 [Worker-1: Building workspace] INFO  o.e.m.c.i.embedder.EclipseLogger - skip non existing resourceDirectory /Users/dgolla/git/cxptester-cucumber/src/main/resources
2020-06-15 23:26:39,619 [Worker-1: Building workspace] INFO  o.e.m.c.i.embedder.EclipseLogger - Using 'UTF-8' encoding to copy filtered resources.
2020-06-15 23:26:39,627 [Worker-1: Building workspace] INFO  o.e.m.c.i.embedder.EclipseLogger - Copying 125 resources
2020-06-15 23:27:34,823 [Worker-1: Building workspace] INFO  o.e.m.c.i.embedder.EclipseLogger - Using 'UTF-8' encoding to copy filtered resources.
2020-06-15 23:27:34,823 [Worker-1: Building workspace] INFO  o.e.m.c.i.embedder.EclipseLogger - skip non existing resourceDirectory /Users/dgolla/git/cxptester-cucumber/src/main/resources
2020-06-15 23:27:34,824 [Worker-1: Building workspace] INFO  o.e.m.c.i.embedder.EclipseLogger - Using 'UTF-8' encoding to copy filtered resources.
2020-06-15 23:27:34,834 [Worker-1: Building workspace] INFO  o.e.m.c.i.embedder.EclipseLogger - Copying 125 resources
2020-06-16 07:32:54,780 [Worker-30: Building workspace] INFO  o.e.m.c.i.embedder.EclipseLogger - Using 'UTF-8' encoding to copy filtered resources.
2020-06-16 07:32:54,781 [Worker-30: Building workspace] INFO  o.e.m.c.i.embedder.EclipseLogger - skip non existing resourceDirectory /Users/dgolla/git/cxptester-cucumber/src/main/resources
2020-06-16 07:32:54,784 [Worker-30: Building workspace] INFO  o.e.m.c.i.embedder.EclipseLogger - Using 'UTF-8' encoding to copy filtered resources.
2020-06-16 07:32:54,792 [Worker-30: Building workspace] INFO  o.e.m.c.i.embedder.EclipseLogger - Copying 125 resources
